<?xml version="1.0" encoding="UTF-8"?>
<!-- Generated by org.testng.reporters.JUnitReportReporter -->
<testsuite hostname="DESKTOP-E69K95O" name="scripts.sampleTestOne" tests="3" failures="0" timestamp="18 Feb 2021 00:13:17 GMT" time="0.009" errors="0">
  <testcase name="validateLink" time="0.002" classname="scripts.sampleTestOne"/>
  <testcase name="validateElement" time="0.004" classname="scripts.sampleTestOne"/>
  <testcase name="validatemenu" time="0.003" classname="scripts.sampleTestOne"/>
</testsuite> <!-- scripts.sampleTestOne -->
