<?xml version="1.0" encoding="UTF-8"?>
<!-- Generated by org.testng.reporters.JUnitReportReporter -->
<testsuite hostname="DESKTOP-E69K95O" name="scripts.yahooSignUp" tests="1" failures="0" timestamp="4 Feb 2021 01:24:30 GMT" time="4.439" errors="0">
  <testcase name="mainTest" time="4.439" classname="scripts.yahooSignUp"/>
</testsuite> <!-- scripts.yahooSignUp -->
