<?xml version="1.0" encoding="UTF-8"?>
<!-- Generated by org.testng.reporters.JUnitReportReporter -->
<testsuite hostname="DESKTOP-E69K95O" name="scripts.yahooSignUp" tests="1" failures="0" timestamp="11 Feb 2021 01:36:25 GMT" time="4.318" errors="0">
  <testcase name="mainTest" time="4.318" classname="scripts.yahooSignUp"/>
</testsuite> <!-- scripts.yahooSignUp -->
