<?xml version="1.0" encoding="UTF-8"?>
<!-- Generated by org.testng.reporters.JUnitReportReporter -->
<testsuite hostname="DESKTOP-E69K95O" name="scripts.sampleTest" tests="2" failures="0" timestamp="11 Feb 2021 01:36:25 GMT" time="0.005" errors="0">
  <testcase name="cmainTest" time="0.001" classname="scripts.sampleTest"/>
  <testcase name="bmainTestOne" time="0.004" classname="scripts.sampleTest"/>
</testsuite> <!-- scripts.sampleTest -->
