<?xml version="1.0" encoding="UTF-8"?>
<!-- Generated by org.testng.reporters.JUnitReportReporter -->
<testsuite hostname="DESKTOP-E69K95O" name="scripts.yahooTest" tests="2" failures="0" timestamp="4 Feb 2021 01:45:41 GMT" time="6.965" errors="0">
  <testcase name="validateForm" time="6.529" classname="scripts.yahooTest"/>
  <testcase name="validateElement" time="0.436" classname="scripts.yahooTest"/>
</testsuite> <!-- scripts.yahooTest -->
