<?xml version="1.0" encoding="UTF-8"?>
<!-- Generated by org.testng.reporters.JUnitReportReporter -->
<testsuite hostname="DESKTOP-E69K95O" name="scripts.sampleTest" tests="2" failures="0" timestamp="18 Feb 2021 00:14:03 GMT" time="0.006" errors="0">
  <testcase name="bmainTestOne" time="0.006" classname="scripts.sampleTest"/>
  <testcase name="cmainTest" time="0.000" classname="scripts.sampleTest"/>
</testsuite> <!-- scripts.sampleTest -->
