<?xml version="1.0" encoding="UTF-8"?>
<!-- Generated by org.testng.reporters.JUnitReportReporter -->
<testsuite hostname="DESKTOP-E69K95O" name="scripts.yahooSignupElement" tests="2" failures="0" timestamp="4 Feb 2021 01:35:48 GMT" time="6.353" errors="0">
  <testcase name="validateForm" time="5.924" classname="scripts.yahooSignupElement"/>
  <testcase name="validateElement" time="0.429" classname="scripts.yahooSignupElement"/>
</testsuite> <!-- scripts.yahooSignupElement -->
